<?xml version="1.0" encoding="UTF-8"?>
<testng-results ignored="0" total="1" passed="1" failed="0" skipped="0">
  <reporter-output>
  </reporter-output>
  <suite started-at="2018-12-03T13:21:30Z" name="Default suite" finished-at="2018-12-03T13:21:39Z" duration-ms="8874">
    <groups>
    </groups>
    <test started-at="2018-12-03T13:21:30Z" name="Default test" finished-at="2018-12-03T13:21:39Z" duration-ms="8874">
      <class name="ApplicationTestCases.primusbanklogintestcase">
        <test-method is-config="true" signature="setupTestSuite()[pri:0, instance:ApplicationTestCases.primusbanklogintestcase@5b03b9fe]" started-at="2018-12-03T13:21:30Z" name="setupTestSuite" finished-at="2018-12-03T13:21:30Z" duration-ms="141" status="PASS">
          <reporter-output>
          </reporter-output>
        </test-method> <!-- setupTestSuite -->
        <test-method is-config="true" signature="startTest()[pri:0, instance:ApplicationTestCases.primusbanklogintestcase@5b03b9fe]" started-at="2018-12-03T13:21:30Z" name="startTest" finished-at="2018-12-03T13:21:34Z" duration-ms="3826" status="PASS">
          <reporter-output>
          </reporter-output>
        </test-method> <!-- startTest -->
        <test-method signature="login()[pri:0, instance:ApplicationTestCases.primusbanklogintestcase@5b03b9fe]" started-at="2018-12-03T13:21:34Z" name="login" finished-at="2018-12-03T13:21:38Z" duration-ms="4147" status="PASS">
          <reporter-output>
          </reporter-output>
        </test-method> <!-- login -->
        <test-method is-config="true" signature="endLogger(org.testng.ITestResult)[pri:0, instance:ApplicationTestCases.primusbanklogintestcase@5b03b9fe]" started-at="2018-12-03T13:21:38Z" name="endLogger" finished-at="2018-12-03T13:21:38Z" duration-ms="3" status="PASS">
          <params>
            <param index="0">
              <value>
                <![CDATA[[TestResult name=login status=SUCCESS method=primusbanklogintestcase.login()[pri:0, instance:ApplicationTestCases.primusbanklogintestcase@5b03b9fe] output={null}]]]>
              </value>
            </param>
          </params>
          <reporter-output>
          </reporter-output>
        </test-method> <!-- endLogger -->
        <test-method is-config="true" signature="endTest()[pri:0, instance:ApplicationTestCases.primusbanklogintestcase@5b03b9fe]" started-at="2018-12-03T13:21:38Z" name="endTest" finished-at="2018-12-03T13:21:39Z" duration-ms="892" status="PASS">
          <reporter-output>
          </reporter-output>
        </test-method> <!-- endTest -->
        <test-method is-config="true" signature="tearDownTestSuite()[pri:0, instance:ApplicationTestCases.primusbanklogintestcase@5b03b9fe]" started-at="2018-12-03T13:21:39Z" name="tearDownTestSuite" finished-at="2018-12-03T13:21:39Z" duration-ms="157" status="PASS">
          <reporter-output>
          </reporter-output>
        </test-method> <!-- tearDownTestSuite -->
      </class> <!-- ApplicationTestCases.primusbanklogintestcase -->
    </test> <!-- Default test -->
  </suite> <!-- Default suite -->
</testng-results>
